<?xml version="1.0" encoding="UTF-8"?>
<testng-results ignored="0" total="1" passed="1" failed="0" skipped="0">
  <reporter-output>
  </reporter-output>
  <suite started-at="2025-12-24T08:26:09 IST" name="Default suite" finished-at="2025-12-24T08:26:10 IST" duration-ms="1407">
    <groups>
    </groups>
    <test started-at="2025-12-24T08:26:09 IST" name="Default test" finished-at="2025-12-24T08:26:10 IST" duration-ms="1407">
      <class name="Utilities.FetchDataFromExcel">
        <test-method signature="getUrl()[pri:0, instance:Utilities.FetchDataFromExcel@1bd4fdd]" started-at="2025-12-24T08:26:09 IST" name="getUrl" finished-at="2025-12-24T08:26:10 IST" duration-ms="1308" status="PASS">
          <reporter-output>
          </reporter-output>
        </test-method> <!-- getUrl -->
      </class> <!-- Utilities.FetchDataFromExcel -->
    </test> <!-- Default test -->
  </suite> <!-- Default suite -->
</testng-results>
